


ARM Macro Assembler    Page 1 


    1 00000000         ;******************** (C) COPYRIGHT HAW-Hamburg ********
                       ************************
    2 00000000         ;* File Name          : main.s
    3 00000000         ;* Author             : Silke Behn 
    4 00000000         ;* Version            : V1.0
    5 00000000         ;* Date               : 01.06.2021
    6 00000000         ;* Description        : This is a simple main.
    7 00000000         ;       :
    8 00000000         ;       : Replace this main with yours.
    9 00000000         ;
   10 00000000         ;*******************************************************
                       ************************
   11 00000000                 EXTERN           initITSboard
   12 00000000                 EXTERN           lcdPrintS   ;Display ausgabe
   13 00000000                 EXTERN           lcdPrintC
   14 00000000                 EXTERN           lcdPrintlnS
   15 00000000                 EXTERN           lcdGotoXY
   16 00000000                 EXTERN           GUI_init
   17 00000000                 EXTERN           TP_Init
   18 00000000                 EXTERN           initTimer
   19 00000000         
   20 00000000         
   21 00000000         
   22 00000000         ;********************************************
   23 00000000         ; Data section, aligned on 4-byte boundery
   24 00000000         ;********************************************
   25 00000000         
   26 00000000                 AREA             MyData, DATA, align = 2
   27 00000000         
   28 00000000         
   29 00000000 20 03   DEFAULT_BRIGHTNESS
                               DCW              800
   30 00000002 30 30 3A 
              30 30 3A 
              30 30 00 TXT     DCB              "00:00:00", 0 ; Schreibe Text "
                                                            Hallo in txt Variab
                                                            le
   31 0000000B         
   32 0000000B         ;Adressen aus der CMSIS
   33 0000000B         ;\stm32cubef4\Drivers\CMSIS\Device\ST\STM32F4xx\Include\
                       stm32f429xx.h
   34 0000000B         
   35 0000000B         
   36 0000000B         ; setup the peripherie - Mapping the GPIO
   37 0000000B 40000000 
                       PERIPH_BASE
                               equ              0x40000000
   38 0000000B 40020000 
                       AHB1PERIPH_BASE
                               equ              (PERIPH_BASE + 0x00020000)
   39 0000000B 40020C00 
                       GPIO_D_BASE
                               equ              (AHB1PERIPH_BASE + 0x0C00)
   40 0000000B 40021000 
                       GPIO_E_BASE
                               equ              (AHB1PERIPH_BASE + 0x1000)
   41 0000000B 40021400 
                       GPIO_F_BASE
                               equ              (AHB1PERIPH_BASE + 0x1400)



ARM Macro Assembler    Page 2 


   42 0000000B         
   43 0000000B 40020C10 
                       GPIO_D_PIN
                               equ              (GPIO_D_BASE + 0x10)
   44 0000000B 40020C18 
                       GPIO_D_SET
                               equ              (GPIO_D_BASE + 0x18)
   45 0000000B 40020C1A 
                       GPIO_D_CLR
                               equ              (GPIO_D_BASE + 0x1A)
   46 0000000B         
   47 0000000B         
   48 0000000B 40021410 
                       GPIO_F_PIN
                               equ              (GPIO_F_BASE + 0x10)
   49 0000000B         
   50 0000000B         
   51 0000000B 40000000 
                       APB1PERIPH_BASE
                               equ              PERIPH_BASE
   52 0000000B 40000000 
                       TIM2_BASE
                               equ              (APB1PERIPH_BASE + 0x0000)
   53 0000000B         
   54 0000000B 40000000 
                       TIM2_CR1
                               equ              (TIM2_BASE)
   55 0000000B 40000024 
                       TIM2_CNT
                               equ              (TIM2_BASE + 0x24) ; CNT : curr
                                                            ent time stamp (32 
                                                            bit),  resolution
   56 0000000B 40000028 
                       TIM2_PSC
                               equ              (TIM2_BASE + 0x28) ; Prescaler 
                                                             resolution
   57 0000000B 40000014 
                       TIM2_EGR
                               equ              (TIM2_BASE + 0x14) ; 16 Bit reg
                                                            ister, Bit 0 : 1 Re
                                                            start Timer 
   58 0000000B 4000002C 
                       TIM2_ARR
                               equ              (TIM2_BASE + 0x2C)
   59 0000000B         
   60 0000000B 00000001 
                       STATE_INIT
                               equ              1
   61 0000000B 00000002 
                       STATE_HOLD
                               equ              2
   62 0000000B 00000003 
                       STATE_RUNNING
                               equ              3
   63 0000000B         
   64 0000000B 00000001 
                       LED1    equ              1
   65 0000000B 00000002 
                       LED2    equ              2



ARM Macro Assembler    Page 3 


   66 0000000B 00000003 
                       LED3    equ              3
   67 0000000B         
   68 0000000B         
   69 0000000B         
   70 0000000B         
   71 0000000B         ;********************************************
   72 0000000B         ; Code section, aligned on 8-byte boundery
   73 0000000B         ;********************************************
   74 0000000B         
   75 0000000B                 AREA             |.text|, CODE, READONLY, ALIGN 
= 3
   76 00000000         
   77 00000000         ;--------------------------------------------
   78 00000000         ; main subroutine
   79 00000000         ;--------------------------------------------
   80 00000000                 EXPORT           main [CODE]
   81 00000000         main    PROC
   82 00000000 F7FF FFFE       bl               initITSboard
   83 00000004         
   84 00000004 F44F 7148       mov              R1,   #800  ; Helligkeit festle
                                                            gen und Display ini
                                                            tialisieren
   85 00000008 8808            ldrh             R0,   [R1]
   86 0000000A F7FF FFFE       bl               GUI_init
   87 0000000E         
   88 0000000E F04F 0000       mov              R0,   #0x00 ; ?
   89 00000012 F7FF FFFE       bl               TP_Init
   90 00000016         
   91 00000016 F7FF FFFE       bl               initTimer
   92 0000001A         
   93 0000001A F04F 000A       mov              R0,   #10
   94 0000001E F04F 010A       mov              R1,   #10
   95 00000022 F7FF FFFE       bl               lcdGotoXY
   96 00000026         ; ldr   R0,   =TXT   ; Gebe string aus
   97 00000026         ; bl    lcdPrintS 
   98 00000026         
   99 00000026 F04F 0C01       ldr              R12,  =STATE_INIT ; Start State
                                                             auf Init    
  100 0000002A         
  101 0000002A         state_init
  102 0000002A         ; Ruft Unterprogramm zum updaten der Leds auf
  103 0000002A         ; Ruft Unterprogramm zum updaten des TFT auf
  104 0000002A         
  105 0000002A         state_loop_init
  106 0000002A F7FF FFFE       bl               update_state ; Ruft Unterprogra
                                                            mm zum Abfragen der
                                                             Taster und updaten
                                                             des States auf
  107 0000002E         ; Wenn State geupdatet wurde, springe in neuen State
  108 0000002E         
  109 0000002E         state_hold
  110 0000002E         ; Speichert die aktuelle Zeit zwischen
  111 0000002E         ; Ruft Unterprogramm zum updaten der Leds auf
  112 0000002E         ; Ruft Unterprogramm zum updaten des TFT auf
  113 0000002E         
  114 0000002E         state_loop_hold
  115 0000002E F7FF FFFE       bl               update_state ; Ruft Unterprogra
                                                            mm zum Abfragen der



ARM Macro Assembler    Page 4 


                                                             Taster und updaten
                                                             des States auf
  116 00000032         
  117 00000032         state_runing
  118 00000032 F7FF FFFE       bl               update_time
  119 00000036 F7FF FFFE       bl               update_tft
  120 0000003A         ; Ruft Unterprogramm zum updaten der Leds auf
  121 0000003A         
  122 0000003A         state_loop_runing
  123 0000003A F7FF FFFE       bl               update_state ; Ruft Unterprogra
                                                            mm zum Abfragen der
                                                             Taster und updaten
                                                             des States auf
  124 0000003E         ; Wenn State geupdatet wurde, springe in neuen State
  125 0000003E         ; Speichert die aktuelle Zeit zwischen
  126 0000003E         ; Ruft Unterprogramm zum updaten des TFT auf
  127 0000003E         
  128 0000003E                 ENDP
  129 0000003E         
  130 0000003E         
  131 0000003E         update_state
                               PROC                         ; S5: State=1 (init
                                                            ), S6: State=2 (hol
                                                            d), S7: State=3 (ru
                                                            n)
  132 0000003E B503            push             {r0, r1, lr}
  133 00000040         
  134 00000040 4822            LDR              R0,   =GPIO_F_PIN ; einlesen de
                                                            r Taster
  135 00000042 7801            LDRB             R1,   [R0]
  136 00000044 EA6F 0101       MVN              R1,   R1
  137 00000048         
  138 00000048 F1BC 0F02       CMP              R12,   #2   ; Switch: Rufe rich
                                                            te Taster Abfrage a
                                                            uf: STATE < 2 => IN
                                                            IT, STATE = 2 => HO
                                                            LD, STATE > 2 => RU
                                                            N
  139 0000004C D301            BLO              update_state_init
  140 0000004E D006            BEQ              update_state_hold
  141 00000050 D810            BHI              update_state_running
  142 00000052         
  143 00000052         update_state_init                    ; Wechsle zu state:
                                                             S7: State=3 (runni
                                                            ng)
  144 00000052         if_init_s7
  145 00000052 F011 0F80       TST              R1,   #0x1<<7
  146 00000056 D001            BEQ              end_if_init_s7
  147 00000058 F04F 0C03       LDR              R12,  =STATE_RUNNING
  148 0000005C         end_if_init_s7
  149 0000005C E014            b                end_update_state
  150 0000005E         
  151 0000005E         update_state_hold                    ; Wechsle zu state:
                                                             S5: State=1 (init)
                                                            , S6: State=2 (hold
                                                            )
  152 0000005E         if_hold_s5
  153 0000005E F011 0F20       TST              R1,   #0x1<<5
  154 00000062 D001            BEQ              end_if_hold_s5



ARM Macro Assembler    Page 5 


  155 00000064 F04F 0C01       LDR              R12,  =STATE_INIT
  156 00000068         end_if_hold_s5
  157 00000068         
  158 00000068         if_running_s7
  159 00000068 F011 0F80       TST              R1,   #0x1<<7
  160 0000006C D001            BEQ              end_if_running_s7
  161 0000006E F04F 0C03       LDR              R12,  =STATE_RUNNING
  162 00000072         end_if_running_s7
  163 00000072 E009            b                end_update_state
  164 00000074         
  165 00000074         update_state_running                 ; Wechsle zu state:
                                                             S5: State=1 (init)
                                                            , S7: State=3 (runn
                                                            ing)
  166 00000074         if_running_s5
  167 00000074 F011 0F20       TST              R1,   #0x1<<5
  168 00000078 D001            BEQ              end_if_running_s5
  169 0000007A F04F 0C01       LDR              R12,  =STATE_INIT
  170 0000007E         end_if_running_s5
  171 0000007E         
  172 0000007E         if_hold_s6
  173 0000007E F011 0F40       TST              R1,   #0x1<<6
  174 00000082 D001            BEQ              end_if_hold_s6
  175 00000084 F04F 0C02       LDR              R12,  =STATE_HOLD
  176 00000088         end_if_hold_s6
  177 00000088         
  178 00000088         end_update_state
  179 00000088 BD03            pop              {r0, r1, pc}
  180 0000008A                 ENDP
  181 0000008A         
  182 0000008A         update_time
                               PROC
  183 0000008A B501            push             {r0, lr}
  184 0000008C 4810            ldr              r0,   =TIM2_CNT
  185 0000008E 6801            ldr              r1,   [r0]
  186 00000090 F44F 727A       mov              r2,   #1000
  187 00000094 FBBB FBF2       udiv             r11,   r2
  188 00000098         ; Aktualisiert zwischengespeicherte Zeit
  189 00000098 BD01            pop              {r0, pc}
  190 0000009A                 ENDP
  191 0000009A         
  192 0000009A         update_leds
                               PROC
  193 0000009A B500            push             {lr}
  194 0000009C         ; Aktualisiert dir Leds je nach State
  195 0000009C BD00            pop              {pc}
  196 0000009E                 ENDP
  197 0000009E         
  198 0000009E         update_tft
                               PROC
  199 0000009E B501            push             {r0, lr}
  200 000000A0 4658            mov              r0,   r11
  201 000000A2 F7FF FFFE       bl               modulo
  202 000000A6         ; Aktualisiert tft mit übergebener Zeit
  203 000000A6 BD01            pop              {r0, pc}
  204 000000A8                 ENDP
  205 000000A8         
  206 000000A8         modulo  PROC
  207 000000A8 B50A            push             {r1, r3, lr}



ARM Macro Assembler    Page 6 


  208 000000AA F04F 0100       mov              r1,   #0
  209 000000AE F04F 030A       mov              r3,   #10
  210 000000B2         while_modulo
  211 000000B2 4298            cmp              r0,   r3
  212 000000B4 DB04            blt              end_while_modulo
  213 000000B6 EBA0 0003       sub              r0,   r3
  214 000000BA F101 0101       add              r1,   #1
  215 000000BE E7F8            b                while_modulo
  216 000000C0         end_while_modulo
  217 000000C0 4604            mov              r4,   r0
  218 000000C2 F100 0030       add              r0,   #'0'
  219 000000C6 F7FF FFFE       bl               lcdPrintC
  220 000000CA         
  221 000000CA         
  222 000000CA         
  223 000000CA         ; Aktualisiert dir Leds je nach State
  224 000000CA BD0A            pop              {r1, r3, pc}
  225 000000CC                 ENDP
  226 000000CC         
  227 000000CC                 ALIGN
  228 000000CC                 END
              40021410 
              40000024 
Command Line: --debug --xref --diag_suppress=9931 --cpu=Cortex-M4.fp.sp --depen
d=.\itsboard\main_1.d -o.\itsboard\main_1.o -I.\RTE\_ITSboard_Assembler -IC:\Us
ers\Henne\AppData\Local\Arm\Packs\ARM\CMSIS\5.9.0\CMSIS\Core\Include -IC:\Users
\Henne\AppData\Local\Arm\Packs\Keil\STM32F4xx_DFP\2.16.0\Drivers\CMSIS\Device\S
T\STM32F4xx\Include --predefine="__EVAL SETA 1" --predefine="__MICROLIB SETA 1"
 --predefine="__UVISION_VERSION SETA 537" --predefine="_RTE_ SETA 1" --predefin
e="STM32F429xx SETA 1" --predefine="_RTE_ SETA 1" --list=.\itsboard\main.lst ma
in.s



ARM Macro Assembler    Page 1 Alphabetic symbol ordering
Relocatable symbols

DEFAULT_BRIGHTNESS 00000000

Symbol: DEFAULT_BRIGHTNESS
   Definitions
      At line 29 in file main.s
   Uses
      None
Comment: DEFAULT_BRIGHTNESS unused
MyData 00000000

Symbol: MyData
   Definitions
      At line 26 in file main.s
   Uses
      None
Comment: MyData unused
TXT 00000002

Symbol: TXT
   Definitions
      At line 30 in file main.s
   Uses
      None
Comment: TXT unused
3 symbols



ARM Macro Assembler    Page 1 Alphabetic symbol ordering
Relocatable symbols

.text 00000000

Symbol: .text
   Definitions
      At line 75 in file main.s
   Uses
      None
Comment: .text unused
end_if_hold_s5 00000068

Symbol: end_if_hold_s5
   Definitions
      At line 156 in file main.s
   Uses
      At line 154 in file main.s
Comment: end_if_hold_s5 used once
end_if_hold_s6 00000088

Symbol: end_if_hold_s6
   Definitions
      At line 176 in file main.s
   Uses
      At line 174 in file main.s
Comment: end_if_hold_s6 used once
end_if_init_s7 0000005C

Symbol: end_if_init_s7
   Definitions
      At line 148 in file main.s
   Uses
      At line 146 in file main.s
Comment: end_if_init_s7 used once
end_if_running_s5 0000007E

Symbol: end_if_running_s5
   Definitions
      At line 170 in file main.s
   Uses
      At line 168 in file main.s
Comment: end_if_running_s5 used once
end_if_running_s7 00000072

Symbol: end_if_running_s7
   Definitions
      At line 162 in file main.s
   Uses
      At line 160 in file main.s
Comment: end_if_running_s7 used once
end_update_state 00000088

Symbol: end_update_state
   Definitions
      At line 178 in file main.s
   Uses
      At line 149 in file main.s
      At line 163 in file main.s

end_while_modulo 000000C0




ARM Macro Assembler    Page 2 Alphabetic symbol ordering
Relocatable symbols

Symbol: end_while_modulo
   Definitions
      At line 216 in file main.s
   Uses
      At line 212 in file main.s
Comment: end_while_modulo used once
if_hold_s5 0000005E

Symbol: if_hold_s5
   Definitions
      At line 152 in file main.s
   Uses
      None
Comment: if_hold_s5 unused
if_hold_s6 0000007E

Symbol: if_hold_s6
   Definitions
      At line 172 in file main.s
   Uses
      None
Comment: if_hold_s6 unused
if_init_s7 00000052

Symbol: if_init_s7
   Definitions
      At line 144 in file main.s
   Uses
      None
Comment: if_init_s7 unused
if_running_s5 00000074

Symbol: if_running_s5
   Definitions
      At line 166 in file main.s
   Uses
      None
Comment: if_running_s5 unused
if_running_s7 00000068

Symbol: if_running_s7
   Definitions
      At line 158 in file main.s
   Uses
      None
Comment: if_running_s7 unused
main 00000000

Symbol: main
   Definitions
      At line 81 in file main.s
   Uses
      At line 80 in file main.s
Comment: main used once
modulo 000000A8

Symbol: modulo
   Definitions
      At line 206 in file main.s



ARM Macro Assembler    Page 3 Alphabetic symbol ordering
Relocatable symbols

   Uses
      At line 201 in file main.s
Comment: modulo used once
state_hold 0000002E

Symbol: state_hold
   Definitions
      At line 109 in file main.s
   Uses
      None
Comment: state_hold unused
state_init 0000002A

Symbol: state_init
   Definitions
      At line 101 in file main.s
   Uses
      None
Comment: state_init unused
state_loop_hold 0000002E

Symbol: state_loop_hold
   Definitions
      At line 114 in file main.s
   Uses
      None
Comment: state_loop_hold unused
state_loop_init 0000002A

Symbol: state_loop_init
   Definitions
      At line 105 in file main.s
   Uses
      None
Comment: state_loop_init unused
state_loop_runing 0000003A

Symbol: state_loop_runing
   Definitions
      At line 122 in file main.s
   Uses
      None
Comment: state_loop_runing unused
state_runing 00000032

Symbol: state_runing
   Definitions
      At line 117 in file main.s
   Uses
      None
Comment: state_runing unused
update_leds 0000009A

Symbol: update_leds
   Definitions
      At line 192 in file main.s
   Uses
      None
Comment: update_leds unused



ARM Macro Assembler    Page 4 Alphabetic symbol ordering
Relocatable symbols

update_state 0000003E

Symbol: update_state
   Definitions
      At line 131 in file main.s
   Uses
      At line 106 in file main.s
      At line 115 in file main.s
      At line 123 in file main.s

update_state_hold 0000005E

Symbol: update_state_hold
   Definitions
      At line 151 in file main.s
   Uses
      At line 140 in file main.s
Comment: update_state_hold used once
update_state_init 00000052

Symbol: update_state_init
   Definitions
      At line 143 in file main.s
   Uses
      At line 139 in file main.s
Comment: update_state_init used once
update_state_running 00000074

Symbol: update_state_running
   Definitions
      At line 165 in file main.s
   Uses
      At line 141 in file main.s
Comment: update_state_running used once
update_tft 0000009E

Symbol: update_tft
   Definitions
      At line 198 in file main.s
   Uses
      At line 119 in file main.s
Comment: update_tft used once
update_time 0000008A

Symbol: update_time
   Definitions
      At line 182 in file main.s
   Uses
      At line 118 in file main.s
Comment: update_time used once
while_modulo 000000B2

Symbol: while_modulo
   Definitions
      At line 210 in file main.s
   Uses
      At line 215 in file main.s
Comment: while_modulo used once
29 symbols



ARM Macro Assembler    Page 1 Alphabetic symbol ordering
Absolute symbols

AHB1PERIPH_BASE 40020000

Symbol: AHB1PERIPH_BASE
   Definitions
      At line 38 in file main.s
   Uses
      At line 39 in file main.s
      At line 40 in file main.s
      At line 41 in file main.s

APB1PERIPH_BASE 40000000

Symbol: APB1PERIPH_BASE
   Definitions
      At line 51 in file main.s
   Uses
      At line 52 in file main.s
Comment: APB1PERIPH_BASE used once
GPIO_D_BASE 40020C00

Symbol: GPIO_D_BASE
   Definitions
      At line 39 in file main.s
   Uses
      At line 43 in file main.s
      At line 44 in file main.s
      At line 45 in file main.s

GPIO_D_CLR 40020C1A

Symbol: GPIO_D_CLR
   Definitions
      At line 45 in file main.s
   Uses
      None
Comment: GPIO_D_CLR unused
GPIO_D_PIN 40020C10

Symbol: GPIO_D_PIN
   Definitions
      At line 43 in file main.s
   Uses
      None
Comment: GPIO_D_PIN unused
GPIO_D_SET 40020C18

Symbol: GPIO_D_SET
   Definitions
      At line 44 in file main.s
   Uses
      None
Comment: GPIO_D_SET unused
GPIO_E_BASE 40021000

Symbol: GPIO_E_BASE
   Definitions
      At line 40 in file main.s
   Uses
      None



ARM Macro Assembler    Page 2 Alphabetic symbol ordering
Absolute symbols

Comment: GPIO_E_BASE unused
GPIO_F_BASE 40021400

Symbol: GPIO_F_BASE
   Definitions
      At line 41 in file main.s
   Uses
      At line 48 in file main.s
Comment: GPIO_F_BASE used once
GPIO_F_PIN 40021410

Symbol: GPIO_F_PIN
   Definitions
      At line 48 in file main.s
   Uses
      At line 134 in file main.s
Comment: GPIO_F_PIN used once
LED1 00000001

Symbol: LED1
   Definitions
      At line 64 in file main.s
   Uses
      None
Comment: LED1 unused
LED2 00000002

Symbol: LED2
   Definitions
      At line 65 in file main.s
   Uses
      None
Comment: LED2 unused
LED3 00000003

Symbol: LED3
   Definitions
      At line 66 in file main.s
   Uses
      None
Comment: LED3 unused
PERIPH_BASE 40000000

Symbol: PERIPH_BASE
   Definitions
      At line 37 in file main.s
   Uses
      At line 38 in file main.s
      At line 51 in file main.s

STATE_HOLD 00000002

Symbol: STATE_HOLD
   Definitions
      At line 61 in file main.s
   Uses
      At line 175 in file main.s
Comment: STATE_HOLD used once
STATE_INIT 00000001



ARM Macro Assembler    Page 3 Alphabetic symbol ordering
Absolute symbols


Symbol: STATE_INIT
   Definitions
      At line 60 in file main.s
   Uses
      At line 99 in file main.s
      At line 155 in file main.s
      At line 169 in file main.s

STATE_RUNNING 00000003

Symbol: STATE_RUNNING
   Definitions
      At line 62 in file main.s
   Uses
      At line 147 in file main.s
      At line 161 in file main.s

TIM2_ARR 4000002C

Symbol: TIM2_ARR
   Definitions
      At line 58 in file main.s
   Uses
      None
Comment: TIM2_ARR unused
TIM2_BASE 40000000

Symbol: TIM2_BASE
   Definitions
      At line 52 in file main.s
   Uses
      At line 54 in file main.s
      At line 55 in file main.s
      At line 56 in file main.s
      At line 57 in file main.s
      At line 58 in file main.s

TIM2_CNT 40000024

Symbol: TIM2_CNT
   Definitions
      At line 55 in file main.s
   Uses
      At line 184 in file main.s
Comment: TIM2_CNT used once
TIM2_CR1 40000000

Symbol: TIM2_CR1
   Definitions
      At line 54 in file main.s
   Uses
      None
Comment: TIM2_CR1 unused
TIM2_EGR 40000014

Symbol: TIM2_EGR
   Definitions
      At line 57 in file main.s



ARM Macro Assembler    Page 4 Alphabetic symbol ordering
Absolute symbols

   Uses
      None
Comment: TIM2_EGR unused
TIM2_PSC 40000028

Symbol: TIM2_PSC
   Definitions
      At line 56 in file main.s
   Uses
      None
Comment: TIM2_PSC unused
22 symbols



ARM Macro Assembler    Page 1 Alphabetic symbol ordering
External symbols

GUI_init 00000000

Symbol: GUI_init
   Definitions
      At line 16 in file main.s
   Uses
      At line 86 in file main.s
Comment: GUI_init used once
TP_Init 00000000

Symbol: TP_Init
   Definitions
      At line 17 in file main.s
   Uses
      At line 89 in file main.s
Comment: TP_Init used once
initITSboard 00000000

Symbol: initITSboard
   Definitions
      At line 11 in file main.s
   Uses
      At line 82 in file main.s
Comment: initITSboard used once
initTimer 00000000

Symbol: initTimer
   Definitions
      At line 18 in file main.s
   Uses
      At line 91 in file main.s
Comment: initTimer used once
lcdGotoXY 00000000

Symbol: lcdGotoXY
   Definitions
      At line 15 in file main.s
   Uses
      At line 95 in file main.s
Comment: lcdGotoXY used once
lcdPrintC 00000000

Symbol: lcdPrintC
   Definitions
      At line 13 in file main.s
   Uses
      At line 219 in file main.s
Comment: lcdPrintC used once
lcdPrintS 00000000

Symbol: lcdPrintS
   Definitions
      At line 12 in file main.s
   Uses
      None
Comment: lcdPrintS unused
lcdPrintlnS 00000000

Symbol: lcdPrintlnS



ARM Macro Assembler    Page 2 Alphabetic symbol ordering
External symbols

   Definitions
      At line 14 in file main.s
   Uses
      None
Comment: lcdPrintlnS unused
8 symbols
400 symbols in table
