


ARM Macro Assembler    Page 1 


    1 00000000         ;************************************************
    2 00000000         ;* Beginn der globalen Daten *
    3 00000000         ;************************************************
    4 00000000                 AREA             MyData, DATA, align = 2
    5 00000000         Base
    6 00000000 34 12   VariableA
                               DCW              0x1234
    7 00000002 11 47   VariableB
                               DCW              0x4711
    8 00000004         
    9 00000004 00000000 
                       VariableC
                               DCD              0
   10 00000008         
   11 00000008 22 00 3E 
              00 CC FF 
              4E 00 27 
              00 45 00 MeinHalbwortFeld
                               DCW              0x22 , 0x3e , -52, 78 , 0x27 , 
0x45
   12 00000014         
   13 00000014 12345678 
              9DCA5986 MeinWortFeld
                               DCD              0x12345678 , 0x9dca5986
   14 0000001C CC000000 
              4E000000         DCD              -872415232 , 1308622848
   15 00000024 27000000        DCD              0x27000000
   16 00000028 45000000        DCD              0x45000000
   17 0000002C         
   18 0000002C 41 42 61 
              62 30 31 
              32 33 00 MeinTextFeld
                               DCB              "ABab0123",0
   19 00000035         
   20 00000035                 EXPORT           VariableA
   21 00000035                 EXPORT           VariableB
   22 00000035                 EXPORT           VariableC
   23 00000035                 EXPORT           MeinHalbwortFeld
   24 00000035                 EXPORT           MeinWortFeld
   25 00000035                 EXPORT           MeinTextFeld
   26 00000035         
   27 00000035         ;***********************************************
   28 00000035         ;* Beginn des Programms *
   29 00000035         ;************************************************
   30 00000035                 AREA             |.text|, CODE, READONLY, ALIGN 
= 3
   31 00000000         ; ----- S t a r t des Hauptprogramms -----
   32 00000000                 EXPORT           main
   33 00000000                 EXTERN           initITSboard
   34 00000000         main    PROC
   35 00000000 F7FF FFFE       bl               initITSboard 
                                                            ; HW Initialisieren
                                                            
   36 00000004 F8DF B044       ldr              r11, =Base
   37 00000008         ; Laden von Konstanten in Register
   38 00000008 F04F 0012       mov              r0,#0x12    ; Anw-01
   39 0000000C F06F 017F       mov              r1,#-128    ; Anw-02
   40 00000010 4A0F            ldr              r2,=0x12345678 ; Anw-03
   41 00000012         



ARM Macro Assembler    Page 2 


   42 00000012         ; Zugriff auf Variable
   43 00000012         
   44 00000012 4810            ldr              r0,=VariableA ; Anw-04
   45 00000014 8801            ldrh             r1,[r0]     ; Anw-05
   46 00000016 6802            ldr              r2,[r0]     ; Anw-06
   47 00000018 6042            str              r2,[r0,#VariableC-VariableA] 
                                                            ; Anw-07
   48 0000001A         
   49 0000001A         ; Zugriff auf Felder (Speicherzellen)
   50 0000001A         
   51 0000001A 480F            ldr              r0,=MeinHalbwortFeld ; Anw-08
   52 0000001C 8801            ldrh             r1,[r0]     ; Anw-09
   53 0000001E 8842            ldrh             r2,[r0,#2]  ; Anw-10
   54 00000020 F04F 030A       mov              r3,#10      ; Anw-11
   55 00000024 5AC4            ldrh             r4,[r0,r3]  ; Anw-12
   56 00000026         
   57 00000026 F830 5F02       ldrh             r5,[r0,#2]! ; Anw-13 ; durch da
                                                            s ! werden die weit
                                                            eren Konstanten zu 
                                                            der Adresse dazuadd
                                                            iert und nicht imme
                                                            r wieder von der gl
                                                            eichen Adresse
   58 0000002A F830 6F02       ldrh             r6,[r0,#2]! ; Anw-14
   59 0000002E F820 6F02       strh             r6,[r0,#2]! ; Anw-15
   60 00000032         
   61 00000032         ; Addition und Subtraktion von unsigned / signed Integer
                       -Werten
   62 00000032 480A            ldr              r0,=MeinWortFeld ; Anw-16
   63 00000034 6801            ldr              r1,[r0]     ; Anw-17
   64 00000036 6842            ldr              r2,[r0,#4]  ; Anw-18
   65 00000038 188B            adds             r3,r1,r2    ; Anw-19 ; Addition
                                                            , die nicht ueber d
                                                            en Wertebereich hin
                                                            aus geht C=0. unsig
                                                            ned, N = 1???
   66 0000003A         
   67 0000003A 6884            ldr              r4,[r0,#8]  ; Anw-20
   68 0000003C 68C5            ldr              r5,[r0,#12] ; Anw-21
   69 0000003E 1B66            subs             r6,r4,r5    ; Anw-22 ; Subtrakt
                                                            ion, geht ueber den
                                                             Bereich hinaus. V 
                                                            = 1, C = 1, N = 0??
                                                            ?
   70 00000040         
   71 00000040 6907            ldr              r7,[r0,#16] ; Anw-23
   72 00000042 F8D0 8014       ldr              r8,[r0,#20] ; Anw-24
   73 00000046 EBB7 0908       subs             r9,r7,r8    ; Anw-25
   74 0000004A         
   75 0000004A E7FE    forever b                forever     ; Anw-26
   76 0000004C                 ENDP
   77 0000004C                 END
              00000000 
              12345678 
              00000000 
              00000000 
              00000000 
Command Line: --debug --xref --diag_suppress=9931 --cpu=Cortex-M4.fp.sp --depen
d=.\itsboard\main_1.d -o.\itsboard\main_1.o -I.\RTE\_ITSboard_Assembler -IC:\Us



ARM Macro Assembler    Page 3 


ers\Henne\AppData\Local\Arm\Packs\ARM\CMSIS\5.9.0\CMSIS\Core\Include -IC:\Users
\Henne\AppData\Local\Arm\Packs\Keil\STM32F4xx_DFP\2.16.0\Drivers\CMSIS\Device\S
T\STM32F4xx\Include --predefine="__EVAL SETA 1" --predefine="__MICROLIB SETA 1"
 --predefine="__UVISION_VERSION SETA 537" --predefine="_RTE_ SETA 1" --predefin
e="STM32F429xx SETA 1" --predefine="_RTE_ SETA 1" --list=.\itsboard\main.lst ma
in.s



ARM Macro Assembler    Page 1 Alphabetic symbol ordering
Relocatable symbols

Base 00000000

Symbol: Base
   Definitions
      At line 5 in file main.s
   Uses
      At line 36 in file main.s
Comment: Base used once
MeinHalbwortFeld 00000008

Symbol: MeinHalbwortFeld
   Definitions
      At line 11 in file main.s
   Uses
      At line 23 in file main.s
      At line 51 in file main.s

MeinTextFeld 0000002C

Symbol: MeinTextFeld
   Definitions
      At line 18 in file main.s
   Uses
      At line 25 in file main.s
Comment: MeinTextFeld used once
MeinWortFeld 00000014

Symbol: MeinWortFeld
   Definitions
      At line 13 in file main.s
   Uses
      At line 24 in file main.s
      At line 62 in file main.s

MyData 00000000

Symbol: MyData
   Definitions
      At line 4 in file main.s
   Uses
      None
Comment: MyData unused
VariableA 00000000

Symbol: VariableA
   Definitions
      At line 6 in file main.s
   Uses
      At line 20 in file main.s
      At line 44 in file main.s
      At line 47 in file main.s

VariableB 00000002

Symbol: VariableB
   Definitions
      At line 7 in file main.s
   Uses
      At line 21 in file main.s



ARM Macro Assembler    Page 2 Alphabetic symbol ordering
Relocatable symbols

Comment: VariableB used once
VariableC 00000004

Symbol: VariableC
   Definitions
      At line 9 in file main.s
   Uses
      At line 22 in file main.s
      At line 47 in file main.s

8 symbols



ARM Macro Assembler    Page 1 Alphabetic symbol ordering
Relocatable symbols

.text 00000000

Symbol: .text
   Definitions
      At line 30 in file main.s
   Uses
      None
Comment: .text unused
forever 0000004A

Symbol: forever
   Definitions
      At line 75 in file main.s
   Uses
      At line 75 in file main.s
Comment: forever used once
main 00000000

Symbol: main
   Definitions
      At line 34 in file main.s
   Uses
      At line 32 in file main.s
Comment: main used once
3 symbols



ARM Macro Assembler    Page 1 Alphabetic symbol ordering
External symbols

initITSboard 00000000

Symbol: initITSboard
   Definitions
      At line 33 in file main.s
   Uses
      At line 35 in file main.s
Comment: initITSboard used once
1 symbol
350 symbols in table
