


ARM Macro Assembler    Page 1 


    1 00000000         ;******************** (C) COPYRIGHT HAW-Hamburg ********
                       ************************
    2 00000000         ;* File Name          : main.s
    3 00000000         ;* Author             : Silke Behn 
    4 00000000         ;* Version            : V1.0
    5 00000000         ;* Date               : 01.06.2021
    6 00000000         ;* Description        : This is a simple main.
    7 00000000         ;       :
    8 00000000         ;       : Replace this main with yours.
    9 00000000         ;
   10 00000000         ;*******************************************************
                       ************************
   11 00000000                 EXTERN           initITSboard
   12 00000000                 EXTERN           lcdPrintS   ;Display ausgabe
   13 00000000                 EXTERN           lcdPrintC
   14 00000000                 EXTERN           lcdPrintlnS
   15 00000000                 EXTERN           lcdGotoXY
   16 00000000                 EXTERN           GUI_init
   17 00000000                 EXTERN           TP_Init
   18 00000000                 EXTERN           initTimer
   19 00000000         
   20 00000000         
   21 00000000         
   22 00000000         ;********************************************
   23 00000000         ; Data section, aligned on 4-byte boundery
   24 00000000         ;********************************************
   25 00000000         
   26 00000000                 AREA             MyData, DATA, align = 2
   27 00000000         
   28 00000000         
   29 00000000 20 03   DEFAULT_BRIGHTNESS
                               DCW              800
   30 00000002 30 30 3A 
              30 30 3A 
              30 30 00 TXT     DCB              "00:00:00", 0 ; Schreibe Text "
                                                            Hallo in txt Variab
                                                            le
   31 0000000B         
   32 0000000B         ;Adressen aus der CMSIS
   33 0000000B         ;\stm32cubef4\Drivers\CMSIS\Device\ST\STM32F4xx\Include\
                       stm32f429xx.h
   34 0000000B         
   35 0000000B         
   36 0000000B         ; setup the peripherie - Mapping the GPIO
   37 0000000B 40000000 
                       PERIPH_BASE
                               equ              0x40000000
   38 0000000B 40020000 
                       AHB1PERIPH_BASE
                               equ              (PERIPH_BASE + 0x00020000)
   39 0000000B 40020C00 
                       GPIO_D_BASE
                               equ              (AHB1PERIPH_BASE + 0x0C00)
   40 0000000B 40021000 
                       GPIO_E_BASE
                               equ              (AHB1PERIPH_BASE + 0x1000)
   41 0000000B 40021400 
                       GPIO_F_BASE
                               equ              (AHB1PERIPH_BASE + 0x1400)



ARM Macro Assembler    Page 2 


   42 0000000B         
   43 0000000B 40020C10 
                       GPIO_D_PIN
                               equ              (GPIO_D_BASE + 0x10)
   44 0000000B 40020C18 
                       GPIO_D_SET
                               equ              (GPIO_D_BASE + 0x18)
   45 0000000B 40020C1A 
                       GPIO_D_CLR
                               equ              (GPIO_D_BASE + 0x1A)
   46 0000000B         
   47 0000000B         
   48 0000000B 40021410 
                       GPIO_F_PIN
                               equ              (GPIO_F_BASE + 0x10)
   49 0000000B         
   50 0000000B         
   51 0000000B 40000000 
                       APB1PERIPH_BASE
                               equ              PERIPH_BASE
   52 0000000B 40000000 
                       TIM2_BASE
                               equ              (APB1PERIPH_BASE + 0x0000)
   53 0000000B         
   54 0000000B 40000000 
                       TIM2_CR1
                               equ              (TIM2_BASE)
   55 0000000B 40000024 
                       TIM2_CNT
                               equ              (TIM2_BASE + 0x24) ; CNT : curr
                                                            ent time stamp (32 
                                                            bit),  resolution
   56 0000000B 40000028 
                       TIM2_PSC
                               equ              (TIM2_BASE + 0x28) ; Prescaler 
                                                             resolution
   57 0000000B 40000014 
                       TIM2_EGR
                               equ              (TIM2_BASE + 0x14) ; 16 Bit reg
                                                            ister, Bit 0 : 1 Re
                                                            start Timer 
   58 0000000B 4000002C 
                       TIM2_ARR
                               equ              (TIM2_BASE + 0x2C)
   59 0000000B         
   60 0000000B 00000001 
                       STATE_INIT
                               equ              1
   61 0000000B 00000002 
                       STATE_HOLD
                               equ              2
   62 0000000B 00000003 
                       STATE_RUNNING
                               equ              3
   63 0000000B         
   64 0000000B 00000001 
                       LED1    equ              1
   65 0000000B 00000002 
                       LED2    equ              2



ARM Macro Assembler    Page 3 


   66 0000000B 00000003 
                       LED3    equ              3
   67 0000000B         
   68 0000000B         
   69 0000000B         
   70 0000000B         
   71 0000000B         ;********************************************
   72 0000000B         ; Code section, aligned on 8-byte boundery
   73 0000000B         ;********************************************
   74 0000000B         
   75 0000000B                 AREA             |.text|, CODE, READONLY, ALIGN 
= 3
   76 00000000         
   77 00000000         ;--------------------------------------------
   78 00000000         ; main subroutine
   79 00000000         ;--------------------------------------------
   80 00000000                 EXPORT           main [CODE]
   81 00000000         main    PROC
   82 00000000 F7FF FFFE       bl               initITSboard
   83 00000004         
   84 00000004 F44F 7148       mov              R1,   #800  ; Helligkeit festle
                                                            gen und Display ini
                                                            tialisieren
   85 00000008 8808            ldrh             R0,   [R1]
   86 0000000A F7FF FFFE       bl               GUI_init
   87 0000000E         
   88 0000000E F04F 0000       mov              R0,   #0x00 ; ?
   89 00000012 F7FF FFFE       bl               TP_Init
   90 00000016         
   91 00000016 F7FF FFFE       bl               initTimer
   92 0000001A         
   93 0000001A F04F 000A       mov              R0,   #10
   94 0000001E F04F 010A       mov              R1,   #10
   95 00000022 F7FF FFFE       bl               lcdGotoXY
   96 00000026 481B            ldr              R0,   =TXT  ; Gebe string "Hall
                                                            o" auf LCD aus
   97 00000028 F7FF FFFE       bl               lcdPrintS
   98 0000002C         
   99 0000002C F04F 0C01       ldr              R12,  =STATE_INIT ; Start State
                                                             auf Init    
  100 00000030         
  101 00000030         state_init
  102 00000030         ; Ruft Unterprogramm zum updaten der Leds auf
  103 00000030         ; Ruft Unterprogramm zum updaten des TFT auf
  104 00000030         
  105 00000030         state_loop_init
  106 00000030 F7FF FFFE       bl               update_state ; Ruft Unterprogra
                                                            mm zum Abfragen der
                                                             Taster und updaten
                                                             des States auf
  107 00000034         ; Wenn State geupdatet wurde, springe in neuen State
  108 00000034         
  109 00000034         state_hold
  110 00000034         ; Speichert die aktuelle Zeit zwischen
  111 00000034         ; Ruft Unterprogramm zum updaten der Leds auf
  112 00000034         ; Ruft Unterprogramm zum updaten des TFT auf
  113 00000034         
  114 00000034         state_loop_hold
  115 00000034 F7FF FFFE       bl               update_state ; Ruft Unterprogra



ARM Macro Assembler    Page 4 


                                                            mm zum Abfragen der
                                                             Taster und updaten
                                                             des States auf
  116 00000038         
  117 00000038         state_runing
  118 00000038         ; Ruft Unterprogramm zum updaten der Leds auf
  119 00000038         
  120 00000038         state_loop_runing
  121 00000038 F7FF FFFE       bl               update_state ; Ruft Unterprogra
                                                            mm zum Abfragen der
                                                             Taster und updaten
                                                             des States auf
  122 0000003C         ; Wenn State geupdatet wurde, springe in neuen State
  123 0000003C         ; Speichert die aktuelle Zeit zwischen
  124 0000003C         ; Ruft Unterprogramm zum updaten des TFT auf
  125 0000003C         
  126 0000003C                 ENDP
  127 0000003C         
  128 0000003C         
  129 0000003C         update_state
                               PROC                         ; S5: State=1 (init
                                                            ), S6: State=2 (hol
                                                            d), S7: State=3 (ru
                                                            n)
  130 0000003C B503            push             {r0, r1, lr}
  131 0000003E         
  132 0000003E 4816            LDR              R0,   =GPIO_F_PIN ; einlesen de
                                                            r Taster
  133 00000040 7801            LDRB             R1,   [R0]
  134 00000042 EA6F 0101       MVN              R1,   R1
  135 00000046         
  136 00000046 F1BC 0F02       CMP              R12,   #2   ; Switch: Rufe rich
                                                            te Taster Abfrage a
                                                            uf: STATE < 2 => IN
                                                            IT, STATE = 2 => HO
                                                            LD, STATE > 2 => RU
                                                            N
  137 0000004A D301            BLO              update_state_init
  138 0000004C D006            BEQ              update_state_hold
  139 0000004E D810            BHI              update_state_running
  140 00000050         
  141 00000050         update_state_init                    ; Wechsle zu state:
                                                             S7: State=3 (runni
                                                            ng)
  142 00000050         if_init_s7
  143 00000050 F011 0F80       TST              R1,   #0x1<<7
  144 00000054 D001            BEQ              end_if_init_s7
  145 00000056 F04F 0C03       LDR              R12,  =STATE_RUNNING
  146 0000005A         end_if_init_s7
  147 0000005A E014            b                end_update_state
  148 0000005C         
  149 0000005C         update_state_hold                    ; Wechsle zu state:
                                                             S5: State=1 (init)
                                                            , S6: State=2 (hold
                                                            )
  150 0000005C         if_hold_s5
  151 0000005C F011 0F20       TST              R1,   #0x1<<5
  152 00000060 D001            BEQ              end_if_hold_s5
  153 00000062 F04F 0C01       LDR              R12,  =STATE_INIT



ARM Macro Assembler    Page 5 


  154 00000066         end_if_hold_s5
  155 00000066         
  156 00000066         if_running_s7
  157 00000066 F011 0F80       TST              R1,   #0x1<<7
  158 0000006A D001            BEQ              end_if_running_s7
  159 0000006C F04F 0C03       LDR              R12,  =STATE_RUNNING
  160 00000070         end_if_running_s7
  161 00000070 E009            b                end_update_state
  162 00000072         
  163 00000072         update_state_running                 ; Wechsle zu state:
                                                             S5: State=1 (init)
                                                            , S7: State=3 (runn
                                                            ing)
  164 00000072         if_running_s5
  165 00000072 F011 0F20       TST              R1,   #0x1<<5
  166 00000076 D001            BEQ              end_if_running_s5
  167 00000078 F04F 0C01       LDR              R12,  =STATE_INIT
  168 0000007C         end_if_running_s5
  169 0000007C         
  170 0000007C         if_hold_s6
  171 0000007C F011 0F40       TST              R1,   #0x1<<6
  172 00000080 D001            BEQ              end_if_hold_s6
  173 00000082 F04F 0C02       LDR              R12,  =STATE_HOLD
  174 00000086         end_if_hold_s6
  175 00000086         
  176 00000086         end_update_state
  177 00000086 BD03            pop              {r0, r1, pc}
  178 00000088                 ENDP
  179 00000088         
  180 00000088         update_time
                               PROC
  181 00000088 B500            push             {lr}
  182 0000008A         ; Aktualisiert zwischengespeicherte Zeit
  183 0000008A BD00            pop              {pc}
  184 0000008C                 ENDP
  185 0000008C         
  186 0000008C         update_leds
                               PROC
  187 0000008C B500            push             {lr}
  188 0000008E         ; Aktualisiert dir Leds je nach State
  189 0000008E BD00            pop              {pc}
  190 00000090                 ENDP
  191 00000090         
  192 00000090         update_tft
                               PROC
  193 00000090 B500            push             {lr}
  194 00000092         ; Aktualisiert tft mit übergebener Zeit
  195 00000092 BD00            pop              {pc}
  196 00000094                 ENDP
  197 00000094         
  198 00000094                 ALIGN
  199 00000094                 END
              00000000 
              40021410 
Command Line: --debug --xref --diag_suppress=9931 --cpu=Cortex-M4.fp.sp --depen
d=.\itsboard\main_1.d -o.\itsboard\main_1.o -I.\RTE\_ITSboard_Assembler -IC:\Us
ers\Henne\AppData\Local\Arm\Packs\ARM\CMSIS\5.9.0\CMSIS\Core\Include -IC:\Users
\Henne\AppData\Local\Arm\Packs\Keil\STM32F4xx_DFP\2.16.0\Drivers\CMSIS\Device\S
T\STM32F4xx\Include --predefine="__EVAL SETA 1" --predefine="__MICROLIB SETA 1"



ARM Macro Assembler    Page 6 


 --predefine="__UVISION_VERSION SETA 537" --predefine="_RTE_ SETA 1" --predefin
e="STM32F429xx SETA 1" --predefine="_RTE_ SETA 1" --list=.\itsboard\main.lst ma
in.s



ARM Macro Assembler    Page 1 Alphabetic symbol ordering
Relocatable symbols

DEFAULT_BRIGHTNESS 00000000

Symbol: DEFAULT_BRIGHTNESS
   Definitions
      At line 29 in file main.s
   Uses
      None
Comment: DEFAULT_BRIGHTNESS unused
MyData 00000000

Symbol: MyData
   Definitions
      At line 26 in file main.s
   Uses
      None
Comment: MyData unused
TXT 00000002

Symbol: TXT
   Definitions
      At line 30 in file main.s
   Uses
      At line 96 in file main.s
Comment: TXT used once
3 symbols



ARM Macro Assembler    Page 1 Alphabetic symbol ordering
Relocatable symbols

.text 00000000

Symbol: .text
   Definitions
      At line 75 in file main.s
   Uses
      None
Comment: .text unused
end_if_hold_s5 00000066

Symbol: end_if_hold_s5
   Definitions
      At line 154 in file main.s
   Uses
      At line 152 in file main.s
Comment: end_if_hold_s5 used once
end_if_hold_s6 00000086

Symbol: end_if_hold_s6
   Definitions
      At line 174 in file main.s
   Uses
      At line 172 in file main.s
Comment: end_if_hold_s6 used once
end_if_init_s7 0000005A

Symbol: end_if_init_s7
   Definitions
      At line 146 in file main.s
   Uses
      At line 144 in file main.s
Comment: end_if_init_s7 used once
end_if_running_s5 0000007C

Symbol: end_if_running_s5
   Definitions
      At line 168 in file main.s
   Uses
      At line 166 in file main.s
Comment: end_if_running_s5 used once
end_if_running_s7 00000070

Symbol: end_if_running_s7
   Definitions
      At line 160 in file main.s
   Uses
      At line 158 in file main.s
Comment: end_if_running_s7 used once
end_update_state 00000086

Symbol: end_update_state
   Definitions
      At line 176 in file main.s
   Uses
      At line 147 in file main.s
      At line 161 in file main.s

if_hold_s5 0000005C




ARM Macro Assembler    Page 2 Alphabetic symbol ordering
Relocatable symbols

Symbol: if_hold_s5
   Definitions
      At line 150 in file main.s
   Uses
      None
Comment: if_hold_s5 unused
if_hold_s6 0000007C

Symbol: if_hold_s6
   Definitions
      At line 170 in file main.s
   Uses
      None
Comment: if_hold_s6 unused
if_init_s7 00000050

Symbol: if_init_s7
   Definitions
      At line 142 in file main.s
   Uses
      None
Comment: if_init_s7 unused
if_running_s5 00000072

Symbol: if_running_s5
   Definitions
      At line 164 in file main.s
   Uses
      None
Comment: if_running_s5 unused
if_running_s7 00000066

Symbol: if_running_s7
   Definitions
      At line 156 in file main.s
   Uses
      None
Comment: if_running_s7 unused
main 00000000

Symbol: main
   Definitions
      At line 81 in file main.s
   Uses
      At line 80 in file main.s
Comment: main used once
state_hold 00000034

Symbol: state_hold
   Definitions
      At line 109 in file main.s
   Uses
      None
Comment: state_hold unused
state_init 00000030

Symbol: state_init
   Definitions
      At line 101 in file main.s



ARM Macro Assembler    Page 3 Alphabetic symbol ordering
Relocatable symbols

   Uses
      None
Comment: state_init unused
state_loop_hold 00000034

Symbol: state_loop_hold
   Definitions
      At line 114 in file main.s
   Uses
      None
Comment: state_loop_hold unused
state_loop_init 00000030

Symbol: state_loop_init
   Definitions
      At line 105 in file main.s
   Uses
      None
Comment: state_loop_init unused
state_loop_runing 00000038

Symbol: state_loop_runing
   Definitions
      At line 120 in file main.s
   Uses
      None
Comment: state_loop_runing unused
state_runing 00000038

Symbol: state_runing
   Definitions
      At line 117 in file main.s
   Uses
      None
Comment: state_runing unused
update_leds 0000008C

Symbol: update_leds
   Definitions
      At line 186 in file main.s
   Uses
      None
Comment: update_leds unused
update_state 0000003C

Symbol: update_state
   Definitions
      At line 129 in file main.s
   Uses
      At line 106 in file main.s
      At line 115 in file main.s
      At line 121 in file main.s

update_state_hold 0000005C

Symbol: update_state_hold
   Definitions
      At line 149 in file main.s
   Uses



ARM Macro Assembler    Page 4 Alphabetic symbol ordering
Relocatable symbols

      At line 138 in file main.s
Comment: update_state_hold used once
update_state_init 00000050

Symbol: update_state_init
   Definitions
      At line 141 in file main.s
   Uses
      At line 137 in file main.s
Comment: update_state_init used once
update_state_running 00000072

Symbol: update_state_running
   Definitions
      At line 163 in file main.s
   Uses
      At line 139 in file main.s
Comment: update_state_running used once
update_tft 00000090

Symbol: update_tft
   Definitions
      At line 192 in file main.s
   Uses
      None
Comment: update_tft unused
update_time 00000088

Symbol: update_time
   Definitions
      At line 180 in file main.s
   Uses
      None
Comment: update_time unused
26 symbols



ARM Macro Assembler    Page 1 Alphabetic symbol ordering
Absolute symbols

AHB1PERIPH_BASE 40020000

Symbol: AHB1PERIPH_BASE
   Definitions
      At line 38 in file main.s
   Uses
      At line 39 in file main.s
      At line 40 in file main.s
      At line 41 in file main.s

APB1PERIPH_BASE 40000000

Symbol: APB1PERIPH_BASE
   Definitions
      At line 51 in file main.s
   Uses
      At line 52 in file main.s
Comment: APB1PERIPH_BASE used once
GPIO_D_BASE 40020C00

Symbol: GPIO_D_BASE
   Definitions
      At line 39 in file main.s
   Uses
      At line 43 in file main.s
      At line 44 in file main.s
      At line 45 in file main.s

GPIO_D_CLR 40020C1A

Symbol: GPIO_D_CLR
   Definitions
      At line 45 in file main.s
   Uses
      None
Comment: GPIO_D_CLR unused
GPIO_D_PIN 40020C10

Symbol: GPIO_D_PIN
   Definitions
      At line 43 in file main.s
   Uses
      None
Comment: GPIO_D_PIN unused
GPIO_D_SET 40020C18

Symbol: GPIO_D_SET
   Definitions
      At line 44 in file main.s
   Uses
      None
Comment: GPIO_D_SET unused
GPIO_E_BASE 40021000

Symbol: GPIO_E_BASE
   Definitions
      At line 40 in file main.s
   Uses
      None



ARM Macro Assembler    Page 2 Alphabetic symbol ordering
Absolute symbols

Comment: GPIO_E_BASE unused
GPIO_F_BASE 40021400

Symbol: GPIO_F_BASE
   Definitions
      At line 41 in file main.s
   Uses
      At line 48 in file main.s
Comment: GPIO_F_BASE used once
GPIO_F_PIN 40021410

Symbol: GPIO_F_PIN
   Definitions
      At line 48 in file main.s
   Uses
      At line 132 in file main.s
Comment: GPIO_F_PIN used once
LED1 00000001

Symbol: LED1
   Definitions
      At line 64 in file main.s
   Uses
      None
Comment: LED1 unused
LED2 00000002

Symbol: LED2
   Definitions
      At line 65 in file main.s
   Uses
      None
Comment: LED2 unused
LED3 00000003

Symbol: LED3
   Definitions
      At line 66 in file main.s
   Uses
      None
Comment: LED3 unused
PERIPH_BASE 40000000

Symbol: PERIPH_BASE
   Definitions
      At line 37 in file main.s
   Uses
      At line 38 in file main.s
      At line 51 in file main.s

STATE_HOLD 00000002

Symbol: STATE_HOLD
   Definitions
      At line 61 in file main.s
   Uses
      At line 173 in file main.s
Comment: STATE_HOLD used once
STATE_INIT 00000001



ARM Macro Assembler    Page 3 Alphabetic symbol ordering
Absolute symbols


Symbol: STATE_INIT
   Definitions
      At line 60 in file main.s
   Uses
      At line 99 in file main.s
      At line 153 in file main.s
      At line 167 in file main.s

STATE_RUNNING 00000003

Symbol: STATE_RUNNING
   Definitions
      At line 62 in file main.s
   Uses
      At line 145 in file main.s
      At line 159 in file main.s

TIM2_ARR 4000002C

Symbol: TIM2_ARR
   Definitions
      At line 58 in file main.s
   Uses
      None
Comment: TIM2_ARR unused
TIM2_BASE 40000000

Symbol: TIM2_BASE
   Definitions
      At line 52 in file main.s
   Uses
      At line 54 in file main.s
      At line 55 in file main.s
      At line 56 in file main.s
      At line 57 in file main.s
      At line 58 in file main.s

TIM2_CNT 40000024

Symbol: TIM2_CNT
   Definitions
      At line 55 in file main.s
   Uses
      None
Comment: TIM2_CNT unused
TIM2_CR1 40000000

Symbol: TIM2_CR1
   Definitions
      At line 54 in file main.s
   Uses
      None
Comment: TIM2_CR1 unused
TIM2_EGR 40000014

Symbol: TIM2_EGR
   Definitions
      At line 57 in file main.s



ARM Macro Assembler    Page 4 Alphabetic symbol ordering
Absolute symbols

   Uses
      None
Comment: TIM2_EGR unused
TIM2_PSC 40000028

Symbol: TIM2_PSC
   Definitions
      At line 56 in file main.s
   Uses
      None
Comment: TIM2_PSC unused
22 symbols



ARM Macro Assembler    Page 1 Alphabetic symbol ordering
External symbols

GUI_init 00000000

Symbol: GUI_init
   Definitions
      At line 16 in file main.s
   Uses
      At line 86 in file main.s
Comment: GUI_init used once
TP_Init 00000000

Symbol: TP_Init
   Definitions
      At line 17 in file main.s
   Uses
      At line 89 in file main.s
Comment: TP_Init used once
initITSboard 00000000

Symbol: initITSboard
   Definitions
      At line 11 in file main.s
   Uses
      At line 82 in file main.s
Comment: initITSboard used once
initTimer 00000000

Symbol: initTimer
   Definitions
      At line 18 in file main.s
   Uses
      At line 91 in file main.s
Comment: initTimer used once
lcdGotoXY 00000000

Symbol: lcdGotoXY
   Definitions
      At line 15 in file main.s
   Uses
      At line 95 in file main.s
Comment: lcdGotoXY used once
lcdPrintC 00000000

Symbol: lcdPrintC
   Definitions
      At line 13 in file main.s
   Uses
      None
Comment: lcdPrintC unused
lcdPrintS 00000000

Symbol: lcdPrintS
   Definitions
      At line 12 in file main.s
   Uses
      At line 97 in file main.s
Comment: lcdPrintS used once
lcdPrintlnS 00000000

Symbol: lcdPrintlnS



ARM Macro Assembler    Page 2 Alphabetic symbol ordering
External symbols

   Definitions
      At line 14 in file main.s
   Uses
      None
Comment: lcdPrintlnS unused
8 symbols
397 symbols in table
